Logfile initialized
[INFO] logfile = /Users/jeff/Documents/Titanium Studio Workspace/Slider Test/build.log
[DEBUG] /Library/Application Support/Titanium/mobilesdk/osx/2.1.3.GA/android/builder.py simulator Slider Test /Applications/android-sdk-macosx /Users/jeff/Documents/Titanium Studio Workspace/Slider Test com.gameshape.sliderTest 2 WVGA800 
[INFO] Building Slider Test for Android ... one moment
[INFO] Titanium SDK version: 2.1.3 (10/02/12 16:16 15997d0)
[DEBUG] Waiting for device to be ready ...
[TRACE] adb devices returned 1 devices/emulators
[DEBUG] Device connected... (waited 0 seconds)
[DEBUG] waited 0.012655 seconds on emulator to get ready
[DEBUG] com.gameshape.sliderTest installed? True
[INFO] Fastdev server running, deploying in Fastdev mode
[INFO] Copying CommonJS modules...
[INFO] Copying project resources..
[TRACE] COPYING MODIFIED FILE: /Users/jeff/Documents/Titanium Studio Workspace/Slider Test/Resources/app.js => /Users/jeff/Documents/Titanium Studio Workspace/Slider Test/build/android/bin/assets/Resources/app.js
[TRACE] COPYING MODIFIED FILE: /Users/jeff/Documents/Titanium Studio Workspace/Slider Test/Resources/navWindow.js => /Users/jeff/Documents/Titanium Studio Workspace/Slider Test/build/android/bin/assets/Resources/navWindow.js
[TRACE] COPYING MODIFIED FILE: /Users/jeff/Documents/Titanium Studio Workspace/Slider Test/Resources/slider.js => /Users/jeff/Documents/Titanium Studio Workspace/Slider Test/build/android/bin/assets/Resources/slider.js
[INFO] Tiapp.xml unchanged, skipping class generation
[DEBUG] Processing Android resource drawables
[DEBUG] found drawable-hdpi splash screen at /Users/jeff/Documents/Titanium Studio Workspace/Slider Test/Resources/android/images/res-hdpi/default.png
[DEBUG] found drawable-ldpi splash screen at /Users/jeff/Documents/Titanium Studio Workspace/Slider Test/Resources/android/images/res-ldpi/default.png
[DEBUG] found drawable-mdpi splash screen at /Users/jeff/Documents/Titanium Studio Workspace/Slider Test/Resources/android/images/res-mdpi/default.png
[INFO] Waiting for SDCard to become available..
[INFO] Re-launching application ... Slider Test
[INFO] Launching application ... Slider Test
[TRACE] Launch output: Starting: Intent { act=android.intent.action.MAIN cat=[android.intent.category.LAUNCHER] flg=0x10200000 cmp=com.gameshape.sliderTest/.SliderTestActivity }
Warning: Activity not started, its current task has been brought to the front

